Info ]	Log file opened.
Info ]	Creating BinauralUnlimitedEffect...
Info ]	Creating AudioEffect...
Info ]	Creating RealSignal (size = 2048)...
Info ]	Creating RealSignal (size = 2048)...
Info ]	Creating RealSignal (size = 2048)...
Info ]	Creating Convolver...
Info ]	Creating FourierTransform...
Info ]	Creating RealSignal (size = 4096)...
Info ]	Creating ComplexSignal (size = 2049)...
Info ]	Creating RealSignal (size = 4096)...
Info ]	Creating RealSignal (size = 4096)...
Info ]	Creating ComplexSignal (size = 2049)...
Info ]	Creating ComplexSignal (size = 2049)...
Info ]	Creating ComplexSignal (size = 2049)...
Info ]	Creating ComplexSignal (size = 2049)...
Info ]	Creating RealSignal (size = 3072)...
Info ]	Creating RealSignal (size = 3072)...
Info ]	Creating RealSignal (size = 4096)...
Info ]	Creating RealSignal (size = 4096)...
Info ]	Creating ComplexSignal (size = 2049)...
Info ]	Creating ComplexSignal (size = 2049)...
Info ]	Creating BinauralUnlimitedEffect...
Info ]	Creating AudioEffect...
Info ]	Creating RealSignal (size = 2048)...
Info ]	Creating RealSignal (size = 2048)...
Info ]	Creating RealSignal (size = 2048)...
Info ]	Creating Convolver...
Info ]	Creating FourierTransform...
Info ]	Creating RealSignal (size = 4096)...
Info ]	Creating ComplexSignal (size = 2049)...
Info ]	Creating RealSignal (size = 4096)...
Info ]	Creating RealSignal (size = 4096)...
Info ]	Creating ComplexSignal (size = 2049)...
Info ]	Creating ComplexSignal (size = 2049)...
Info ]	Creating ComplexSignal (size = 2049)...
Info ]	Creating ComplexSignal (size = 2049)...
Info ]	Creating RealSignal (size = 3072)...
Info ]	Creating RealSignal (size = 3072)...
Info ]	Creating RealSignal (size = 4096)...
Info ]	Creating RealSignal (size = 4096)...
Info ]	Creating ComplexSignal (size = 2049)...
Info ]	Creating ComplexSignal (size = 2049)...
Info ]	Log file closed.
